<?xml version="1.0" encoding="UTF-8"?>
<coverage generated="1695378354049" clover="3.2.0">
  <project timestamp="1695378354049" name="All files">
    <metrics statements="44" coveredstatements="44" conditionals="18" coveredconditionals="18" methods="19" coveredmethods="19" elements="81" coveredelements="81" complexity="0" loc="44" ncloc="44" packages="5" files="7" classes="7"/>
    <package name="JS.05-JS-AutoTest.05-Jest.src">
      <metrics statements="1" coveredstatements="1" conditionals="0" coveredconditionals="0" methods="2" coveredmethods="2"/>
      <file name="setWordToCaps.js" path="/home/igshipilov/HexletProjects/JS/05-JS-AutoTest/05-Jest/src/setWordToCaps.js">
        <metrics statements="1" coveredstatements="1" conditionals="0" coveredconditionals="0" methods="2" coveredmethods="2"/>
        <line num="1" count="1" type="stmt"/>
      </file>
    </package>
    <package name="JS.06-Abstractions.05-abstractionCreation">
      <metrics statements="16" coveredstatements="16" conditionals="0" coveredconditionals="0" methods="7" coveredmethods="7"/>
      <file name="points.js" path="/home/igshipilov/HexletProjects/JS/06-Abstractions/05-abstractionCreation/points.js">
        <metrics statements="5" coveredstatements="5" conditionals="0" coveredconditionals="0" methods="3" coveredmethods="3"/>
        <line num="3" count="1" type="stmt"/>
        <line num="4" count="10" type="stmt"/>
        <line num="5" count="10" type="stmt"/>
        <line num="8" count="4" type="stmt"/>
        <line num="10" count="4" type="stmt"/>
      </file>
      <file name="segments.js" path="/home/igshipilov/HexletProjects/JS/06-Abstractions/05-abstractionCreation/segments.js">
        <metrics statements="11" coveredstatements="11" conditionals="0" coveredconditionals="0" methods="4" coveredmethods="4"/>
        <line num="36" count="1" type="stmt"/>
        <line num="37" count="3" type="stmt"/>
        <line num="39" count="3" type="stmt"/>
        <line num="42" count="3" type="stmt"/>
        <line num="44" count="3" type="stmt"/>
        <line num="46" count="1" type="stmt"/>
        <line num="47" count="2" type="stmt"/>
        <line num="48" count="2" type="stmt"/>
        <line num="50" count="2" type="stmt"/>
        <line num="51" count="2" type="stmt"/>
        <line num="53" count="2" type="stmt"/>
      </file>
    </package>
    <package name="JS.06-Abstractions.07-levelDesign">
      <metrics statements="25" coveredstatements="25" conditionals="18" coveredconditionals="18" methods="9" coveredmethods="9"/>
      <file name="points.js" path="/home/igshipilov/HexletProjects/JS/06-Abstractions/07-levelDesign/points.js">
        <metrics statements="17" coveredstatements="17" conditionals="16" coveredconditionals="16" methods="4" coveredmethods="4"/>
        <line num="3" count="1" type="stmt"/>
        <line num="4" count="8" type="stmt"/>
        <line num="5" count="8" type="stmt"/>
        <line num="8" count="18" type="stmt"/>
        <line num="10" count="18" type="stmt"/>
        <line num="12" count="1" type="stmt"/>
        <line num="13" count="11" type="stmt"/>
        <line num="14" count="11" type="stmt"/>
        <line num="16" count="11" type="cond" truecount="4" falsecount="0"/>
        <line num="17" count="1" type="stmt"/>
        <line num="19" count="10" type="cond" truecount="4" falsecount="0"/>
        <line num="20" count="6" type="stmt"/>
        <line num="22" count="4" type="cond" truecount="4" falsecount="0"/>
        <line num="23" count="1" type="stmt"/>
        <line num="25" count="3" type="cond" truecount="4" falsecount="0"/>
        <line num="26" count="1" type="stmt"/>
        <line num="29" count="2" type="stmt"/>
      </file>
      <file name="rectangle.js" path="/home/igshipilov/HexletProjects/JS/06-Abstractions/07-levelDesign/rectangle.js">
        <metrics statements="8" coveredstatements="8" conditionals="2" coveredconditionals="2" methods="5" coveredmethods="5"/>
        <line num="6" count="6" type="stmt"/>
        <line num="8" count="7" type="stmt"/>
        <line num="9" count="7" type="stmt"/>
        <line num="10" count="7" type="stmt"/>
        <line num="12" count="1" type="stmt"/>
        <line num="13" count="6" type="stmt"/>
        <line num="14" count="6" type="stmt"/>
        <line num="19" count="6" type="cond" truecount="2" falsecount="0"/>
      </file>
    </package>
    <package name="nodejs-package">
      <metrics statements="0" coveredstatements="0" conditionals="0" coveredconditionals="0" methods="0" coveredmethods="0"/>
      <file name="index.js" path="/home/igshipilov/HexletProjects/nodejs-package/index.js">
        <metrics statements="0" coveredstatements="0" conditionals="0" coveredconditionals="0" methods="0" coveredmethods="0"/>
      </file>
    </package>
    <package name="nodejs-package.src">
      <metrics statements="2" coveredstatements="2" conditionals="0" coveredconditionals="0" methods="1" coveredmethods="1"/>
      <file name="half.js" path="/home/igshipilov/HexletProjects/nodejs-package/src/half.js">
        <metrics statements="2" coveredstatements="2" conditionals="0" coveredconditionals="0" methods="1" coveredmethods="1"/>
        <line num="9" count="1" type="stmt"/>
        <line num="10" count="1" type="stmt"/>
      </file>
    </package>
  </project>
</coverage>
