{"/home/igshipilov/HexletProjects/JS/05-JS-AutoTest/05-Jest/src/setWordToCaps.js": {"path":"/home/igshipilov/HexletProjects/JS/05-JS-AutoTest/05-Jest/src/setWordToCaps.js","statementMap":{"0":{"start":{"line":1,"column":23},"end":{"line":1,"column":86}},"1":{"start":{"line":1,"column":32},"end":{"line":1,"column":86}},"2":{"start":{"line":1,"column":58},"end":{"line":1,"column":76}}},"fnMap":{"0":{"name":"(anonymous_0)","decl":{"start":{"line":1,"column":23},"end":{"line":1,"column":24}},"loc":{"start":{"line":1,"column":32},"end":{"line":1,"column":86}},"line":1},"1":{"name":"(anonymous_1)","decl":{"start":{"line":1,"column":48},"end":{"line":1,"column":49}},"loc":{"start":{"line":1,"column":58},"end":{"line":1,"column":76}},"line":1}},"branchMap":{},"s":{"0":1,"1":1,"2":1},"f":{"0":1,"1":1},"b":{},"_coverageSchema":"1a1c01bbd47fc00a2c39e90264f33305004495a9","hash":"ab84b8874538e7073682ca5f6eb0587d4b68eccb"}
,"/home/igshipilov/HexletProjects/JS/06-Abstractions/05-abstractionCreation/points.js": {"path":"/home/igshipilov/HexletProjects/JS/06-Abstractions/05-abstractionCreation/points.js","statementMap":{"0":{"start":{"line":3,"column":24},"end":{"line":6,"column":1}},"1":{"start":{"line":4,"column":16},"end":{"line":4,"column":24}},"2":{"start":{"line":5,"column":2},"end":{"line":5,"column":15}},"3":{"start":{"line":8,"column":13},"end":{"line":8,"column":31}},"4":{"start":{"line":8,"column":24},"end":{"line":8,"column":31}},"5":{"start":{"line":10,"column":13},"end":{"line":10,"column":31}},"6":{"start":{"line":10,"column":24},"end":{"line":10,"column":31}}},"fnMap":{"0":{"name":"(anonymous_0)","decl":{"start":{"line":3,"column":24},"end":{"line":3,"column":25}},"loc":{"start":{"line":3,"column":34},"end":{"line":6,"column":1}},"line":3},"1":{"name":"(anonymous_1)","decl":{"start":{"line":8,"column":13},"end":{"line":8,"column":14}},"loc":{"start":{"line":8,"column":24},"end":{"line":8,"column":31}},"line":8},"2":{"name":"(anonymous_2)","decl":{"start":{"line":10,"column":13},"end":{"line":10,"column":14}},"loc":{"start":{"line":10,"column":24},"end":{"line":10,"column":31}},"line":10}},"branchMap":{},"s":{"0":1,"1":10,"2":10,"3":1,"4":4,"5":1,"6":4},"f":{"0":10,"1":4,"2":4},"b":{},"_coverageSchema":"1a1c01bbd47fc00a2c39e90264f33305004495a9","hash":"32360f5986e0f8c6dd7addbc0d3c1bd7c0fba20f"}
,"/home/igshipilov/HexletProjects/JS/06-Abstractions/05-abstractionCreation/segments.js": {"path":"/home/igshipilov/HexletProjects/JS/06-Abstractions/05-abstractionCreation/segments.js","statementMap":{"0":{"start":{"line":36,"column":20},"end":{"line":40,"column":1}},"1":{"start":{"line":37,"column":18},"end":{"line":37,"column":58}},"2":{"start":{"line":39,"column":2},"end":{"line":39,"column":17}},"3":{"start":{"line":42,"column":22},"end":{"line":42,"column":53}},"4":{"start":{"line":42,"column":35},"end":{"line":42,"column":53}},"5":{"start":{"line":44,"column":20},"end":{"line":44,"column":49}},"6":{"start":{"line":44,"column":33},"end":{"line":44,"column":49}},"7":{"start":{"line":46,"column":29},"end":{"line":54,"column":1}},"8":{"start":{"line":47,"column":21},"end":{"line":47,"column":43}},"9":{"start":{"line":48,"column":19},"end":{"line":48,"column":39}},"10":{"start":{"line":50,"column":12},"end":{"line":50,"column":51}},"11":{"start":{"line":51,"column":12},"end":{"line":51,"column":51}},"12":{"start":{"line":53,"column":2},"end":{"line":53,"column":31}}},"fnMap":{"0":{"name":"(anonymous_0)","decl":{"start":{"line":36,"column":20},"end":{"line":36,"column":21}},"loc":{"start":{"line":36,"column":40},"end":{"line":40,"column":1}},"line":36},"1":{"name":"(anonymous_1)","decl":{"start":{"line":42,"column":22},"end":{"line":42,"column":23}},"loc":{"start":{"line":42,"column":35},"end":{"line":42,"column":53}},"line":42},"2":{"name":"(anonymous_2)","decl":{"start":{"line":44,"column":20},"end":{"line":44,"column":21}},"loc":{"start":{"line":44,"column":33},"end":{"line":44,"column":49}},"line":44},"3":{"name":"(anonymous_3)","decl":{"start":{"line":46,"column":29},"end":{"line":46,"column":30}},"loc":{"start":{"line":46,"column":42},"end":{"line":54,"column":1}},"line":46}},"branchMap":{},"s":{"0":1,"1":3,"2":3,"3":1,"4":3,"5":1,"6":3,"7":1,"8":2,"9":2,"10":2,"11":2,"12":2},"f":{"0":3,"1":3,"2":3,"3":2},"b":{},"_coverageSchema":"1a1c01bbd47fc00a2c39e90264f33305004495a9","hash":"8a708db46c3b5f89db08f5b63076553028371ea7"}
,"/home/igshipilov/HexletProjects/JS/06-Abstractions/07-levelDesign/points.js": {"path":"/home/igshipilov/HexletProjects/JS/06-Abstractions/07-levelDesign/points.js","statementMap":{"0":{"start":{"line":3,"column":24},"end":{"line":6,"column":1}},"1":{"start":{"line":4,"column":16},"end":{"line":4,"column":24}},"2":{"start":{"line":5,"column":2},"end":{"line":5,"column":15}},"3":{"start":{"line":8,"column":13},"end":{"line":8,"column":31}},"4":{"start":{"line":8,"column":24},"end":{"line":8,"column":31}},"5":{"start":{"line":10,"column":13},"end":{"line":10,"column":31}},"6":{"start":{"line":10,"column":24},"end":{"line":10,"column":31}},"7":{"start":{"line":12,"column":20},"end":{"line":30,"column":1}},"8":{"start":{"line":13,"column":12},"end":{"line":13,"column":23}},"9":{"start":{"line":14,"column":12},"end":{"line":14,"column":23}},"10":{"start":{"line":16,"column":2},"end":{"line":18,"column":3}},"11":{"start":{"line":17,"column":4},"end":{"line":17,"column":13}},"12":{"start":{"line":19,"column":2},"end":{"line":21,"column":3}},"13":{"start":{"line":20,"column":4},"end":{"line":20,"column":13}},"14":{"start":{"line":22,"column":2},"end":{"line":24,"column":3}},"15":{"start":{"line":23,"column":4},"end":{"line":23,"column":13}},"16":{"start":{"line":25,"column":2},"end":{"line":27,"column":3}},"17":{"start":{"line":26,"column":4},"end":{"line":26,"column":13}},"18":{"start":{"line":29,"column":2},"end":{"line":29,"column":14}}},"fnMap":{"0":{"name":"(anonymous_0)","decl":{"start":{"line":3,"column":24},"end":{"line":3,"column":25}},"loc":{"start":{"line":3,"column":34},"end":{"line":6,"column":1}},"line":3},"1":{"name":"(anonymous_1)","decl":{"start":{"line":8,"column":13},"end":{"line":8,"column":14}},"loc":{"start":{"line":8,"column":24},"end":{"line":8,"column":31}},"line":8},"2":{"name":"(anonymous_2)","decl":{"start":{"line":10,"column":13},"end":{"line":10,"column":14}},"loc":{"start":{"line":10,"column":24},"end":{"line":10,"column":31}},"line":10},"3":{"name":"(anonymous_3)","decl":{"start":{"line":12,"column":20},"end":{"line":12,"column":21}},"loc":{"start":{"line":12,"column":31},"end":{"line":30,"column":1}},"line":12}},"branchMap":{"0":{"loc":{"start":{"line":16,"column":2},"end":{"line":18,"column":3}},"type":"if","locations":[{"start":{"line":16,"column":2},"end":{"line":18,"column":3}},{"start":{},"end":{}}],"line":16},"1":{"loc":{"start":{"line":16,"column":6},"end":{"line":16,"column":20}},"type":"binary-expr","locations":[{"start":{"line":16,"column":6},"end":{"line":16,"column":11}},{"start":{"line":16,"column":15},"end":{"line":16,"column":20}}],"line":16},"2":{"loc":{"start":{"line":19,"column":2},"end":{"line":21,"column":3}},"type":"if","locations":[{"start":{"line":19,"column":2},"end":{"line":21,"column":3}},{"start":{},"end":{}}],"line":19},"3":{"loc":{"start":{"line":19,"column":6},"end":{"line":19,"column":20}},"type":"binary-expr","locations":[{"start":{"line":19,"column":6},"end":{"line":19,"column":11}},{"start":{"line":19,"column":15},"end":{"line":19,"column":20}}],"line":19},"4":{"loc":{"start":{"line":22,"column":2},"end":{"line":24,"column":3}},"type":"if","locations":[{"start":{"line":22,"column":2},"end":{"line":24,"column":3}},{"start":{},"end":{}}],"line":22},"5":{"loc":{"start":{"line":22,"column":6},"end":{"line":22,"column":20}},"type":"binary-expr","locations":[{"start":{"line":22,"column":6},"end":{"line":22,"column":11}},{"start":{"line":22,"column":15},"end":{"line":22,"column":20}}],"line":22},"6":{"loc":{"start":{"line":25,"column":2},"end":{"line":27,"column":3}},"type":"if","locations":[{"start":{"line":25,"column":2},"end":{"line":27,"column":3}},{"start":{},"end":{}}],"line":25},"7":{"loc":{"start":{"line":25,"column":6},"end":{"line":25,"column":20}},"type":"binary-expr","locations":[{"start":{"line":25,"column":6},"end":{"line":25,"column":11}},{"start":{"line":25,"column":15},"end":{"line":25,"column":20}}],"line":25}},"s":{"0":1,"1":8,"2":8,"3":1,"4":18,"5":1,"6":18,"7":1,"8":11,"9":11,"10":11,"11":1,"12":10,"13":6,"14":4,"15":1,"16":3,"17":1,"18":2},"f":{"0":8,"1":18,"2":18,"3":11},"b":{"0":[1,10],"1":[11,2],"2":[6,4],"3":[10,7],"4":[1,3],"5":[4,1],"6":[1,2],"7":[3,1]},"_coverageSchema":"1a1c01bbd47fc00a2c39e90264f33305004495a9","hash":"f236a14aad0a8f097f659d301a5428f6c6a36f6b"}
,"/home/igshipilov/HexletProjects/JS/06-Abstractions/07-levelDesign/rectangle.js": {"path":"/home/igshipilov/HexletProjects/JS/06-Abstractions/07-levelDesign/rectangle.js","statementMap":{"0":{"start":{"line":6,"column":22},"end":{"line":6,"column":74}},"1":{"start":{"line":6,"column":49},"end":{"line":6,"column":73}},"2":{"start":{"line":8,"column":22},"end":{"line":8,"column":52}},"3":{"start":{"line":8,"column":37},"end":{"line":8,"column":52}},"4":{"start":{"line":9,"column":17},"end":{"line":9,"column":47}},"5":{"start":{"line":9,"column":32},"end":{"line":9,"column":47}},"6":{"start":{"line":10,"column":18},"end":{"line":10,"column":49}},"7":{"start":{"line":10,"column":33},"end":{"line":10,"column":49}},"8":{"start":{"line":12,"column":23},"end":{"line":20,"column":1}},"9":{"start":{"line":13,"column":13},"end":{"line":13,"column":37}},"10":{"start":{"line":14,"column":13},"end":{"line":17,"column":3}},"11":{"start":{"line":19,"column":2},"end":{"line":19,"column":56}}},"fnMap":{"0":{"name":"(anonymous_0)","decl":{"start":{"line":6,"column":22},"end":{"line":6,"column":23}},"loc":{"start":{"line":6,"column":49},"end":{"line":6,"column":73}},"line":6},"1":{"name":"(anonymous_1)","decl":{"start":{"line":8,"column":22},"end":{"line":8,"column":23}},"loc":{"start":{"line":8,"column":37},"end":{"line":8,"column":52}},"line":8},"2":{"name":"(anonymous_2)","decl":{"start":{"line":9,"column":17},"end":{"line":9,"column":18}},"loc":{"start":{"line":9,"column":32},"end":{"line":9,"column":47}},"line":9},"3":{"name":"(anonymous_3)","decl":{"start":{"line":10,"column":18},"end":{"line":10,"column":19}},"loc":{"start":{"line":10,"column":33},"end":{"line":10,"column":49}},"line":10},"4":{"name":"(anonymous_4)","decl":{"start":{"line":12,"column":23},"end":{"line":12,"column":24}},"loc":{"start":{"line":12,"column":38},"end":{"line":20,"column":1}},"line":12}},"branchMap":{"0":{"loc":{"start":{"line":19,"column":9},"end":{"line":19,"column":55}},"type":"binary-expr","locations":[{"start":{"line":19,"column":9},"end":{"line":19,"column":30}},{"start":{"line":19,"column":34},"end":{"line":19,"column":55}}],"line":19}},"s":{"0":1,"1":6,"2":1,"3":7,"4":1,"5":7,"6":1,"7":7,"8":1,"9":6,"10":6,"11":6},"f":{"0":6,"1":7,"2":7,"3":7,"4":6},"b":{"0":[6,5]},"_coverageSchema":"1a1c01bbd47fc00a2c39e90264f33305004495a9","hash":"b8d9d7ba1f745dc88a4ef0fae674018241191422"}
,"/home/igshipilov/HexletProjects/nodejs-package/index.js": {"path":"/home/igshipilov/HexletProjects/nodejs-package/index.js","statementMap":{},"fnMap":{},"branchMap":{},"s":{},"f":{},"b":{},"_coverageSchema":"1a1c01bbd47fc00a2c39e90264f33305004495a9","hash":"d821bb5ce8c210797486292fe90e4df479d80db1"}
,"/home/igshipilov/HexletProjects/nodejs-package/src/half.js": {"path":"/home/igshipilov/HexletProjects/nodejs-package/src/half.js","statementMap":{"0":{"start":{"line":9,"column":17},"end":{"line":9,"column":24}},"1":{"start":{"line":10,"column":2},"end":{"line":10,"column":16}}},"fnMap":{"0":{"name":"(anonymous_0)","decl":{"start":{"line":8,"column":15},"end":{"line":8,"column":16}},"loc":{"start":{"line":8,"column":24},"end":{"line":11,"column":1}},"line":8}},"branchMap":{},"s":{"0":1,"1":1},"f":{"0":1},"b":{},"_coverageSchema":"1a1c01bbd47fc00a2c39e90264f33305004495a9","hash":"edf80093916176d7d78a2adb831fd4ba22c93f85"}
}
