TN:
SF:JS/05-JS-AutoTest/05-Jest/src/setWordToCaps.js
FN:1,(anonymous_0)
FN:1,(anonymous_1)
FNF:2
FNH:2
FNDA:1,(anonymous_0)
FNDA:1,(anonymous_1)
DA:1,1
LF:1
LH:1
BRF:0
BRH:0
end_of_record
TN:
SF:JS/06-Abstractions/05-abstractionCreation/points.js
FN:3,(anonymous_0)
FN:8,(anonymous_1)
FN:10,(anonymous_2)
FNF:3
FNH:3
FNDA:10,(anonymous_0)
FNDA:4,(anonymous_1)
FNDA:4,(anonymous_2)
DA:3,1
DA:4,10
DA:5,10
DA:8,4
DA:10,4
LF:5
LH:5
BRF:0
BRH:0
end_of_record
TN:
SF:JS/06-Abstractions/05-abstractionCreation/segments.js
FN:36,(anonymous_0)
FN:42,(anonymous_1)
FN:44,(anonymous_2)
FN:46,(anonymous_3)
FNF:4
FNH:4
FNDA:3,(anonymous_0)
FNDA:3,(anonymous_1)
FNDA:3,(anonymous_2)
FNDA:2,(anonymous_3)
DA:36,1
DA:37,3
DA:39,3
DA:42,3
DA:44,3
DA:46,1
DA:47,2
DA:48,2
DA:50,2
DA:51,2
DA:53,2
LF:11
LH:11
BRF:0
BRH:0
end_of_record
TN:
SF:JS/06-Abstractions/07-levelDesign/points.js
FN:3,(anonymous_0)
FN:8,(anonymous_1)
FN:10,(anonymous_2)
FN:12,(anonymous_3)
FNF:4
FNH:4
FNDA:8,(anonymous_0)
FNDA:18,(anonymous_1)
FNDA:18,(anonymous_2)
FNDA:11,(anonymous_3)
DA:3,1
DA:4,8
DA:5,8
DA:8,18
DA:10,18
DA:12,1
DA:13,11
DA:14,11
DA:16,11
DA:17,1
DA:19,10
DA:20,6
DA:22,4
DA:23,1
DA:25,3
DA:26,1
DA:29,2
LF:17
LH:17
BRDA:16,0,0,1
BRDA:16,0,1,10
BRDA:16,1,0,11
BRDA:16,1,1,2
BRDA:19,2,0,6
BRDA:19,2,1,4
BRDA:19,3,0,10
BRDA:19,3,1,7
BRDA:22,4,0,1
BRDA:22,4,1,3
BRDA:22,5,0,4
BRDA:22,5,1,1
BRDA:25,6,0,1
BRDA:25,6,1,2
BRDA:25,7,0,3
BRDA:25,7,1,1
BRF:16
BRH:16
end_of_record
TN:
SF:JS/06-Abstractions/07-levelDesign/rectangle.js
FN:6,(anonymous_0)
FN:8,(anonymous_1)
FN:9,(anonymous_2)
FN:10,(anonymous_3)
FN:12,(anonymous_4)
FNF:5
FNH:5
FNDA:6,(anonymous_0)
FNDA:7,(anonymous_1)
FNDA:7,(anonymous_2)
FNDA:7,(anonymous_3)
FNDA:6,(anonymous_4)
DA:6,6
DA:8,7
DA:9,7
DA:10,7
DA:12,1
DA:13,6
DA:14,6
DA:19,6
LF:8
LH:8
BRDA:19,0,0,6
BRDA:19,0,1,5
BRF:2
BRH:2
end_of_record
TN:
SF:nodejs-package/index.js
FNF:0
FNH:0
LF:0
LH:0
BRF:0
BRH:0
end_of_record
TN:
SF:nodejs-package/src/half.js
FN:8,(anonymous_0)
FNF:1
FNH:1
FNDA:1,(anonymous_0)
DA:9,1
DA:10,1
LF:2
LH:2
BRF:0
BRH:0
end_of_record
